<?xml version="1.0" encoding="UTF-8"?>
<!-- Generated by org.testng.reporters.JUnitReportReporter -->
<testsuite hostname="DESKTOP-50A2D6B" failures="0" tests="6" name="com.winvinaya.playwrite.test.WinVinayaTests" time="9.815" errors="0" timestamp="2025-09-06T13:53:08 IST" skipped="0">
  <testcase classname="com.winvinaya.playwrite.test.WinVinayaTests" name="HomePage" time="2.298"/>
  <system-out/>
  <testcase classname="com.winvinaya.playwrite.test.WinVinayaTests" name="AboutPage" time="1.288"/>
  <system-out/>
  <testcase classname="com.winvinaya.playwrite.test.WinVinayaTests" name="NewslettersPage" time="1.245"/>
  <system-out/>
  <testcase classname="com.winvinaya.playwrite.test.WinVinayaTests" name="BlogsPage" time="1.291"/>
  <system-out/>
  <testcase classname="com.winvinaya.playwrite.test.WinVinayaTests" name="eBooksPage" time="2.437"/>
  <system-out/>
  <testcase classname="com.winvinaya.playwrite.test.WinVinayaTests" name="ContactUsPage" time="1.256"/>
  <system-out/>
</testsuite> <!-- com.winvinaya.playwrite.test.WinVinayaTests -->
